#! /opt/homebrew/Cellar/icarus-verilog/12.0/bin/vvp
:ivl_version "12.0 (stable)";
:ivl_delay_selection "TYPICAL";
:vpi_time_precision + 0;
:vpi_module "/opt/homebrew/Cellar/icarus-verilog/12.0/lib/ivl/system.vpi";
:vpi_module "/opt/homebrew/Cellar/icarus-verilog/12.0/lib/ivl/vhdl_sys.vpi";
:vpi_module "/opt/homebrew/Cellar/icarus-verilog/12.0/lib/ivl/vhdl_textio.vpi";
:vpi_module "/opt/homebrew/Cellar/icarus-verilog/12.0/lib/ivl/v2005_math.vpi";
:vpi_module "/opt/homebrew/Cellar/icarus-verilog/12.0/lib/ivl/va_math.vpi";
S_0x125f06990 .scope module, "JK_FlipFlop" "JK_FlipFlop" 2 1;
 .timescale 0 0;
    .port_info 0 /INPUT 1 "J";
    .port_info 1 /INPUT 1 "K";
    .port_info 2 /INPUT 1 "clk";
    .port_info 3 /INPUT 1 "reset";
    .port_info 4 /OUTPUT 1 "Q";
    .port_info 5 /OUTPUT 1 "Qbar";
o0x118008010 .functor BUFZ 1, C4<z>; HiZ drive
v0x125f06bd0_0 .net "J", 0 0, o0x118008010;  0 drivers
o0x118008040 .functor BUFZ 1, C4<z>; HiZ drive
v0x125f16c80_0 .net "K", 0 0, o0x118008040;  0 drivers
v0x125f16d20_0 .var "Q", 0 0;
v0x125f16db0_0 .var "Qbar", 0 0;
o0x1180080d0 .functor BUFZ 1, C4<z>; HiZ drive
v0x125f16e50_0 .net "clk", 0 0, o0x1180080d0;  0 drivers
o0x118008100 .functor BUFZ 1, C4<z>; HiZ drive
v0x125f16f30_0 .net "reset", 0 0, o0x118008100;  0 drivers
E_0x125f06880 .event posedge, v0x125f16f30_0, v0x125f16e50_0;
    .scope S_0x125f06990;
T_0 ;
    %wait E_0x125f06880;
    %load/vec4 v0x125f16f30_0;
    %flag_set/vec4 8;
    %jmp/0xz  T_0.0, 8;
    %pushi/vec4 0, 0, 1;
    %assign/vec4 v0x125f16d20_0, 0;
    %pushi/vec4 1, 0, 1;
    %assign/vec4 v0x125f16db0_0, 0;
    %jmp T_0.1;
T_0.0 ;
    %load/vec4 v0x125f06bd0_0;
    %load/vec4 v0x125f16c80_0;
    %concat/vec4; draw_concat_vec4
    %dup/vec4;
    %pushi/vec4 0, 0, 2;
    %cmp/u;
    %jmp/1 T_0.2, 6;
    %dup/vec4;
    %pushi/vec4 3, 0, 2;
    %cmp/u;
    %jmp/1 T_0.3, 6;
    %dup/vec4;
    %pushi/vec4 2, 0, 2;
    %cmp/u;
    %jmp/1 T_0.4, 6;
    %dup/vec4;
    %pushi/vec4 3, 0, 2;
    %cmp/u;
    %jmp/1 T_0.5, 6;
    %jmp T_0.6;
T_0.2 ;
    %load/vec4 v0x125f16d20_0;
    %assign/vec4 v0x125f16d20_0, 0;
    %load/vec4 v0x125f16db0_0;
    %assign/vec4 v0x125f16db0_0, 0;
    %jmp T_0.6;
T_0.3 ;
    %pushi/vec4 0, 0, 1;
    %assign/vec4 v0x125f16d20_0, 0;
    %pushi/vec4 0, 0, 1;
    %assign/vec4 v0x125f16d20_0, 0;
    %pushi/vec4 1, 0, 1;
    %assign/vec4 v0x125f16db0_0, 0;
    %jmp T_0.6;
T_0.4 ;
    %pushi/vec4 1, 0, 1;
    %assign/vec4 v0x125f16d20_0, 0;
    %pushi/vec4 0, 0, 1;
    %assign/vec4 v0x125f16db0_0, 0;
    %jmp T_0.6;
T_0.5 ;
    %load/vec4 v0x125f16d20_0;
    %inv;
    %assign/vec4 v0x125f16d20_0, 0;
    %load/vec4 v0x125f16db0_0;
    %inv;
    %assign/vec4 v0x125f16db0_0, 0;
    %jmp T_0.6;
T_0.6 ;
    %pop/vec4 1;
T_0.1 ;
    %jmp T_0;
    .thread T_0;
# The file index is used to find the file name in the following table.
:file_names 3;
    "N/A";
    "<interactive>";
    "error3.v";
