#! /c/iverilog/bin/vvp
:ivl_version "0.9.7 " "(v0_9_7)";
:vpi_time_precision + 0;
:vpi_module "system";
:vpi_module "v2005_math";
:vpi_module "va_math";
S_01143370 .scope module, "dff_async_reset" "dff_async_reset" 2 2;
 .timescale 0 0;
v01144190_0 .net "clk", 0 0, C4<z>; 0 drivers
v011445F0_0 .net "d", 0 0, C4<z>; 0 drivers
v01144648_0 .var "q", 0 0;
v011446A0_0 .net "reset", 0 0, C4<z>; 0 drivers
E_01144D10 .event posedge, v011446A0_0, v01144190_0;
    .scope S_01143370;
T_0 ;
    %wait E_01144D10;
    %load/v 8, v011446A0_0, 1;
    %jmp/0xz  T_0.0, 8;
    %ix/load 0, 1, 0;
    %assign/v0 v01144648_0, 0, 0;
    %jmp T_0.1;
T_0.0 ;
    %load/v 8, v011445F0_0, 1;
    %ix/load 0, 1, 0;
    %assign/v0 v01144648_0, 0, 8;
T_0.1 ;
    %jmp T_0;
    .thread T_0;
# The file index is used to find the file name in the following table.
:file_names 3;
    "N/A";
    "<interactive>";
    ".\dff_asycr.v";
